<?xml version="1.0" encoding="UTF-8"?>
<testng-results skipped="0" failed="0" ignored="0" total="2" passed="2">
  <reporter-output>
  </reporter-output>
  <suite name="Suite" duration-ms="67" started-at="2018-09-16T16:12:12Z" finished-at="2018-09-16T16:12:12Z">
    <groups>
    </groups>
    <test name="Test" duration-ms="67" started-at="2018-09-16T16:12:12Z" finished-at="2018-09-16T16:12:12Z">
      <class name="com.PrintStatement.test.PrintHI">
        <test-method status="PASS" signature="MethodHi()[pri:0, instance:com.PrintStatement.test.PrintHI@2ed94a8b]" name="MethodHi" duration-ms="1" started-at="2018-09-16T16:12:12Z" finished-at="2018-09-16T16:12:12Z">
          <reporter-output>
          </reporter-output>
        </test-method> <!-- MethodHi -->
      </class> <!-- com.PrintStatement.test.PrintHI -->
      <class name="com.PrintStatement.test.PrintHello">
        <test-method status="PASS" signature="MethodHello()[pri:0, instance:com.PrintStatement.test.PrintHello@6b2fad11]" name="MethodHello" duration-ms="15" started-at="2018-09-16T16:12:12Z" finished-at="2018-09-16T16:12:12Z">
          <reporter-output>
          </reporter-output>
        </test-method> <!-- MethodHello -->
      </class> <!-- com.PrintStatement.test.PrintHello -->
    </test> <!-- Test -->
  </suite> <!-- Suite -->
</testng-results>
