<?xml version="1.0" encoding="UTF-8"?>
<testng-results skipped="0" failed="0" ignored="0" total="2" passed="2">
  <reporter-output>
  </reporter-output>
  <suite name="Suite" duration-ms="84" started-at="2018-09-15T15:13:21Z" finished-at="2018-09-15T15:13:22Z">
    <groups>
    </groups>
    <test name="Test" duration-ms="84" started-at="2018-09-15T15:13:21Z" finished-at="2018-09-15T15:13:22Z">
      <class name="com.PrintStatement.test.PrintHI">
        <test-method status="PASS" signature="MethodHi()[pri:0, instance:com.PrintStatement.test.PrintHI@28d25987]" name="MethodHi" duration-ms="3" started-at="2018-09-15T15:13:22Z" finished-at="2018-09-15T15:13:22Z">
          <reporter-output>
          </reporter-output>
        </test-method> <!-- MethodHi -->
      </class> <!-- com.PrintStatement.test.PrintHI -->
      <class name="com.PrintStatement.test.PrintHello">
        <test-method status="PASS" signature="MethodHello()[pri:0, instance:com.PrintStatement.test.PrintHello@46d56d67]" name="MethodHello" duration-ms="18" started-at="2018-09-15T15:13:22Z" finished-at="2018-09-15T15:13:22Z">
          <reporter-output>
          </reporter-output>
        </test-method> <!-- MethodHello -->
      </class> <!-- com.PrintStatement.test.PrintHello -->
    </test> <!-- Test -->
  </suite> <!-- Suite -->
</testng-results>
